c:\dev_c_pp\jogoforca\debug\vc142.pdb
c:\dev_c_pp\jogoforca\debug\vc142.idb
c:\dev_c_pp\jogoforca\debug\tratar_chute_e_mostrar_feedback.obj
c:\dev_c_pp\jogoforca\debug\sorteia_palavra.obj
c:\dev_c_pp\jogoforca\debug\salvar_no_arquivo.obj
c:\dev_c_pp\jogoforca\debug\nao_enforcou.obj
c:\dev_c_pp\jogoforca\debug\nao_acertou.obj
c:\dev_c_pp\jogoforca\debug\letra_existe.obj
c:\dev_c_pp\jogoforca\debug\ler_arquivo.obj
c:\dev_c_pp\jogoforca\debug\imprimir_titulo.obj
c:\dev_c_pp\jogoforca\debug\imprimir_chutes_errados.obj
c:\dev_c_pp\jogoforca\debug\imprimir_acertos.obj
c:\dev_c_pp\jogoforca\debug\forca.obj
c:\dev_c_pp\jogoforca\debug\adicionar_palavra.obj
c:\dev_c_pp\jogoforca\debug\jogoforca.ilk
c:\dev_c_pp\jogoforca\debug\jogoforca.exe
c:\dev_c_pp\jogoforca\debug\jogoforca.pdb
c:\dev_c_pp\jogoforca\debug\jogoforca.tlog\cl.command.1.tlog
c:\dev_c_pp\jogoforca\debug\jogoforca.tlog\cl.read.1.tlog
c:\dev_c_pp\jogoforca\debug\jogoforca.tlog\cl.write.1.tlog
c:\dev_c_pp\jogoforca\debug\jogoforca.tlog\link.command.1.tlog
c:\dev_c_pp\jogoforca\debug\jogoforca.tlog\link.read.1.tlog
c:\dev_c_pp\jogoforca\debug\jogoforca.tlog\link.write.1.tlog
